\BOOKMARK [0][-]{chapter.0}{\376\377\006\063\006\056\006\106\000\040\006\106\006\110\006\314\006\063\006\106\006\057\006\107}{}% 1
\BOOKMARK [0][-]{chapter.1}{\376\377\006\176\006\314\006\064\006\257\006\101\006\052\006\047\006\061\000:\000\040\006\101\006\314\006\062\006\314\006\251\006\014\000\040\006\071\006\104\006\110\006\105\000\040\006\047\006\071\006\065\006\047\006\050\000\040\006\110\000\040\006\105\006\057\006\104\040\014\006\063\006\047\006\062\006\314}{}% 2
\BOOKMARK [1][-]{section.1.1}{\376\377\006\071\006\104\006\110\006\105\000\040\006\047\006\071\006\065\006\047\006\050\000\040\006\050\006\107\000\040\006\105\006\053\006\047\006\050\006\107\040\014\006\314\000\040\006\063\006\047\006\056\006\052\006\047\006\061}{chapter.1}% 3
\BOOKMARK [1][-]{section.1.2}{\376\377\006\251\006\047\006\061\006\251\006\061\006\057\000\040\006\063\006\047\006\104\006\105}{chapter.1}% 4
\BOOKMARK [1][-]{section.1.3}{\376\377\006\065\006\061\006\071}{chapter.1}% 5
\BOOKMARK [1][-]{section.1.4}{\376\377\006\104\006\062\006\110\006\105\000\040\006\064\006\050\006\314\006\107\040\014\006\063\006\047\006\062\006\314}{chapter.1}% 6
\BOOKMARK [1][-]{section.1.5}{\376\377\006\047\006\106\006\110\006\047\006\071\006\314\000\040\006\047\006\062\000\040\006\105\006\057\006\104\040\014\006\107\006\047\006\314\000\040\006\106\006\110\006\061\006\110\006\106\006\314}{chapter.1}% 7
\BOOKMARK [2][-]{subsection.1.5.1}{\376\377\006\047\006\106\006\050\006\047\006\064\006\052\040\014\006\110\006\064\006\104\006\314\006\251}{section.1.5}% 8
\BOOKMARK [2][-]{subsection.1.5.2}{\376\377\006\206\006\061\006\056\006\106\006\057\006\107}{section.1.5}% 9
\BOOKMARK [1][-]{section.1.6}{\376\377\006\101\006\047\006\062\000\040\006\314\006\047\000\040\006\055\006\047\006\104\006\052\000\040\006\063\006\047\006\105\006\047\006\106\006\107\040\014\006\314\000\040\006\106\006\110\006\061\006\110\006\106\006\314}{chapter.1}% 10
\BOOKMARK [1][-]{section.1.7}{\376\377\006\176\006\314\006\251\006\061\006\050\006\106\006\057\006\314\000\040\006\054\006\063\006\052\006\047\006\061\000\040\006\047\006\314\006\106\000\040\006\106\006\047\006\105\006\107}{chapter.1}% 11
\BOOKMARK [0][-]{chapter.2}{\376\377\006\064\006\050\006\251\006\107\000\040\006\047\006\106\006\050\006\047\006\064\006\052\000\040\006\110\000\040\006\064\006\104\006\314\006\251}{}% 12
\BOOKMARK [1][-]{section.2.1}{\376\377\006\042\006\107\006\106\006\257\000\040\006\052\006\314\006\062\006\107\000\040\006\062\006\057\006\106}{chapter.2}% 13
\BOOKMARK [1][-]{section.2.2}{\376\377\006\106\006\064\006\047\006\106\006\257\006\061\000\040\006\052\006\064\006\056\006\314\006\065\000\040\006\101\006\047\006\062\000\040\006\107\006\105\040\014\006\257\006\047\006\105\006\314}{chapter.2}% 14
\BOOKMARK [1][-]{section.2.3}{\376\377\006\105\006\063\006\047\006\046\006\104\000\040\006\176\006\314\006\064\006\061\006\110\006\314\000\040\006\176\006\314\006\047\006\057\006\107\000\040\006\063\006\047\006\062\006\314\000\040\006\064\006\050\006\314\006\107\000\040\006\063\006\047\006\062\006\314}{chapter.2}% 15
\BOOKMARK [2][-]{subsection.2.3.1}{\376\377\006\052\006\047\006\050\006\071\000\040\006\050\006\314\040\014\006\251\006\061\006\047\006\106\000\040\006\057\006\104\006\052\006\047}{section.2.3}% 16
\BOOKMARK [2][-]{subsection.2.3.2}{\376\377\006\053\006\050\006\052\000\040\006\052\006\047\006\061\006\314\006\056\000\040\006\052\006\314\006\062\006\107\000\040\006\062\006\057\006\106\040\014\006\107\006\047}{section.2.3}% 17
\BOOKMARK [1][-]{section.2.4}{\376\377\006\106\006\052\006\047\006\314\006\054}{chapter.2}% 18
\BOOKMARK [2][-]{subsection.2.4.1}{\376\377\006\047\006\106\006\055\006\061\006\047\006\101\000\040\006\047\006\062\000\040\006\105\006\071\006\314\006\047\006\061\000\040\006\105\006\314\006\057\006\047\006\106}{section.2.4}% 19
\BOOKMARK [2][-]{subsection.2.4.2}{\376\377\006\106\006\110\006\061\006\110\006\106\040\014\006\107\006\047\006\314\000\040\006\056\006\047\006\105\006\110\006\064}{section.2.4}% 20
\BOOKMARK [2][-]{subsection.2.4.3}{\376\377\006\052\006\110\006\062\006\314\006\071\000\040\006\052\006\106\006\047\006\110\006\050\000\040\006\062\006\105\006\047\006\106\006\314\000\040\006\052\006\314\006\062\006\107\040\014\006\107\006\047}{section.2.4}% 21
\BOOKMARK [2][-]{subsection.2.4.4}{\376\377\006\176\006\107\006\106\040\014\006\251\006\061\006\057\006\106\000\040\006\102\006\047\006\104\006\314\000\040\006\065\006\101\006\055\006\107\040\014\006\314\000\040\006\101\006\047\006\062}{section.2.4}% 22
\BOOKMARK [2][-]{subsection.2.4.5}{\376\377\006\047\006\105\006\251\006\047\006\106\006\314\000\040\006\050\006\061\006\047\006\314\000\040\006\052\006\110\006\065\006\314\006\101\000\040\006\052\006\055\006\104\006\314\006\104\006\314\006\037}{section.2.4}% 23
\BOOKMARK [0][-]{chapter.3}{\376\377\006\064\006\050\006\251\006\107\040\014\006\314\000\040\006\106\006\110\006\061\006\110\006\106\040\014\006\107\006\047\006\314\000\040\006\206\006\061\006\056\006\106\006\057\006\107}{}% 24
\BOOKMARK [1][-]{section.3.1}{\376\377\006\042\006\107\006\106\006\257\000\040\006\052\006\314\006\062\006\107\000\040\006\062\006\057\006\106}{chapter.3}% 25
\BOOKMARK [1][-]{section.3.2}{\376\377\006\106\006\064\006\047\006\106\006\257\006\061\000\040\006\052\006\110\006\063\006\071\006\107\000\040\006\314\006\047\006\101\006\052\006\107\040\014\006\314\000\040\006\052\006\064\006\056\006\314\006\065\000\040\006\107\006\105\006\257\006\047\006\105\006\314}{chapter.3}% 26
\BOOKMARK [1][-]{section.3.3}{\376\377\006\064\006\050\006\314\006\107\040\014\006\063\006\047\006\062\006\314}{chapter.3}% 27
\BOOKMARK [1][-]{section.3.4}{\376\377\006\106\006\052\006\047\006\314\006\054\000\040}{chapter.3}% 28
\BOOKMARK [2][-]{subsection.3.4.1}{\376\377\006\057\006\061\000\040\006\054\006\063\006\052\006\054\006\110\006\314\000\040\006\052\006\072\006\314\006\314\006\061\006\101\006\047\006\062}{section.3.4}% 29
\BOOKMARK [2][-]{subsection.3.4.2}{\376\377\006\101\006\047\006\065\006\104\006\107\000\040\006\062\006\105\006\047\006\106\006\314\000\040\006\050\006\314\006\106\000\040\006\052\006\314\006\062\006\107\040\014\006\107\006\047}{section.3.4}% 30
\BOOKMARK [2][-]{subsection.3.4.3}{\376\377\006\101\006\071\006\047\006\104\006\314\006\052\000\040\006\064\006\050\006\251\006\107}{section.3.4}% 31
\BOOKMARK [2][-]{subsection.3.4.4}{\376\377\006\176\006\107\006\106\040\014\006\251\006\061\006\057\006\106\000\040\006\102\006\047\006\104\006\314\000\040\006\065\006\101\006\055\006\107\040\014\006\314\000\040\006\101\006\047\006\062}{section.3.4}% 32
\BOOKMARK [2][-]{subsection.3.4.5}{\376\377\006\047\006\105\006\251\006\047\006\106\006\314\000\040\006\050\006\061\006\047\006\314\000\040\006\052\006\110\006\065\006\314\006\101\000\040\006\052\006\055\006\104\006\314\006\104\006\314\006\037}{section.3.4}% 33
\BOOKMARK [0][-]{chapter.4}{\376\377\006\064\006\050\006\251\006\107\040\014\000\040\006\106\006\110\006\061\006\110\006\106\040\014\006\107\006\047\006\314\000\040\006\063\006\047\006\057\006\107}{}% 34
\BOOKMARK [1][-]{section.4.1}{\376\377\006\064\006\050\006\314\006\107\040\014\006\063\006\047\006\062\006\314}{chapter.4}% 35
\BOOKMARK [1][-]{section.4.2}{\376\377\006\106\006\052\006\047\006\314\006\054}{chapter.4}% 36
\BOOKMARK [2][-]{subsection.4.2.1}{\376\377\006\057\006\061\000\040\006\054\006\063\006\052\006\054\006\110\006\314\000\040\006\052\006\072\006\314\006\314\006\061\006\101\006\047\006\062}{section.4.2}% 37
\BOOKMARK [0][-]{chapter.5}{\376\377\006\052\006\065\006\110\006\314\006\061\006\063\006\047\006\062\006\314\000\040\006\063\006\047\006\105\006\047\006\106\006\107\040\014\006\107\006\047}{}% 38
\BOOKMARK [1][-]{section.5.1}{\376\377\006\176\006\110\006\314\006\047\006\106\006\105\006\047\006\314\006\314}{chapter.5}% 39
\BOOKMARK [2][-]{subsection.5.1.1}{\376\377\006\105\006\057\006\104\000\040\006\047\006\106\006\050\006\047\006\064\006\052\040\014\006\110\006\064\006\104\006\314\006\251}{section.5.1}% 40
\BOOKMARK [2][-]{subsection.5.1.2}{\376\377\006\105\006\057\006\104\000\040\006\206\006\061\006\056\006\106\006\057\006\107}{section.5.1}% 41
\BOOKMARK [2][-]{subsection.5.1.3}{\376\377\006\105\006\057\006\104\000\040\006\106\006\110\006\061\006\110\006\106\006\314\000\040\006\063\006\047\006\057\006\107}{section.5.1}% 42
\BOOKMARK [1][-]{section.5.2}{\376\377\006\054\006\105\006\071\040\014\006\050\006\106\006\057\006\314}{chapter.5}% 43
\BOOKMARK [0][-]{chapter.6}{\376\377\006\052\006\104\006\047\006\064\000\040\006\050\006\061\006\047\006\314\000\040\006\052\006\110\006\065\006\314\006\101}{}% 44
\BOOKMARK [1][-]{section.6.1}{\376\377\006\055\006\104\000\040\006\105\006\071\006\047\006\057\006\104\006\107\040\014\006\314\000\040\006\064\006\050\006\251\006\107\040\014\006\314\000\040\006\063\006\047\006\057\006\107}{chapter.6}% 45
\BOOKMARK [2][-]{subsection.6.1.1}{\376\377\006\061\006\110\006\064\000\040\006\050\006\047\006\062\006\257\006\064\006\052\006\314}{section.6.1}% 46
\BOOKMARK [2][-]{subsection.6.1.2}{\376\377\006\061\006\110\006\064\000\040\006\047\006\056\006\052\006\104\006\047\006\104}{section.6.1}% 47
\BOOKMARK [2][-]{subsection.6.1.3}{\376\377\006\050\006\047\006\062\006\314\000\040\006\047\006\062\000\040\006\106\006\110\000\050\006\063\006\047\006\105\006\047\006\106\006\107\040\014\006\314\000\040\006\052\006\251\040\014\006\054\006\061\006\314\006\047\006\106\000\051}{section.6.1}% 48
\BOOKMARK [2][-]{subsection.6.1.4}{\376\377\006\047\006\062\000\040\006\064\006\050\006\251\006\107\040\014\006\314\000\040\006\063\006\047\006\057\006\107\000\040\006\050\006\107\000\040\006\176\006\314\006\206\006\314\006\057\006\107\040\014\006\052\006\061}{section.6.1}% 49
\BOOKMARK [0][-]{chapter.7}{\376\377\006\106\006\052\006\314\006\054\006\107\040\014\006\257\006\314\006\061\006\314}{}% 50
\BOOKMARK [0][-]{appendix.Alph1}{\376\377\006\106\006\105\006\110\006\106\006\107\040\014\006\257\006\314\006\061\006\314\000\040\006\065\006\101\006\055\006\107\000\040\006\101\006\047\006\062}{}% 51
\BOOKMARK [1][-]{section.Alph1.1}{\376\377\006\047\006\106\006\050\006\047\006\064\006\052\040\014\006\110\006\064\006\104\006\314\006\251}{appendix.Alph1}% 52
\BOOKMARK [1][-]{section.Alph1.2}{\376\377\006\206\006\061\006\056\006\106\006\057\006\107}{appendix.Alph1}% 53
\BOOKMARK [1][-]{section.Alph1.3}{\376\377\006\063\006\047\006\057\006\107}{appendix.Alph1}% 54
\BOOKMARK [1][-]{section.Alph1.4}{\376\377\006\105\006\055\006\047\006\063\006\050\006\107\040\014\006\314\000\040\006\057\006\110\006\061\006\107\040\014\006\314\000\040\006\052\006\106\006\047\006\110\006\050\000\040\006\106\006\110\006\061\006\110\006\106\040\014\006\107\006\047\006\314\000\040\006\206\006\061\006\056\006\106\006\057\006\107}{appendix.Alph1}% 55
