\BOOKMARK [1][-]{section.1}{\376\377\006\063\006\056\006\106\000\040\006\106\006\056\006\063\006\052}{}% 1
\BOOKMARK [1][-]{section.2}{\376\377\006\105\006\102\006\057\006\105\006\107}{}% 2
\BOOKMARK [1][-]{section.3}{\376\377\006\064\006\050\006\251\006\107\000\040\006\047\006\106\006\050\006\047\006\064\006\052\000\040\006\110\000\040\006\064\006\104\006\314\006\251}{}% 3
\BOOKMARK [2][-]{subsection.3.1}{\376\377\006\042\006\107\006\106\006\257\000\040\006\052\006\314\006\062\006\107\000\040\006\062\006\057\006\106}{section.3}% 4
\BOOKMARK [2][-]{subsection.3.2}{\376\377\006\106\006\064\006\047\006\106\006\257\006\061\000\040\006\052\006\064\006\056\006\314\006\065\000\040\006\101\006\047\006\062\000\040\006\107\006\105\040\014\006\257\006\047\006\105\006\314}{section.3}% 5
\BOOKMARK [2][-]{subsection.3.3}{\376\377\006\105\006\063\006\047\006\046\006\104\000\040\006\176\006\314\006\064\006\061\006\110\006\314\000\040\006\176\006\314\006\047\006\057\006\107\000\040\006\063\006\047\006\062\006\314\000\040\006\064\006\050\006\314\006\107\000\040\006\063\006\047\006\062\006\314}{section.3}% 6
\BOOKMARK [3][-]{subsubsection.3.3.1}{\376\377\006\052\006\047\006\050\006\071\000\040\006\050\006\314\040\014\006\251\006\061\006\047\006\106\000\040\006\057\006\104\006\052\006\047}{subsection.3.3}% 7
\BOOKMARK [3][-]{subsubsection.3.3.2}{\376\377\006\053\006\050\006\052\000\040\006\052\006\047\006\061\006\314\006\056\000\040\006\052\006\314\006\062\006\107\000\040\006\062\006\057\006\106\040\014\006\107\006\047}{subsection.3.3}% 8
\BOOKMARK [2][-]{subsection.3.4}{\376\377\006\106\006\052\006\047\006\314\006\054}{section.3}% 9
\BOOKMARK [3][-]{subsubsection.3.4.1}{\376\377\006\047\006\106\006\055\006\061\006\047\006\101\000\040\006\047\006\062\000\040\006\105\006\071\006\314\006\047\006\061\000\040\006\105\006\314\006\057\006\047\006\106}{subsection.3.4}% 10
\BOOKMARK [3][-]{subsubsection.3.4.2}{\376\377\006\052\006\110\006\062\006\314\006\071\000\040\006\052\006\106\006\047\006\110\006\050\000\040\006\062\006\105\006\047\006\106\006\314\000\040\006\052\006\314\006\062\006\107\040\014\006\107\006\047}{subsection.3.4}% 11
\BOOKMARK [1][-]{section.4}{\376\377\006\064\006\050\006\251\006\107\040\014\006\314\000\040\006\106\006\110\006\061\006\110\006\106\040\014\006\107\006\047\006\314\000\040\006\206\006\061\006\056\006\106\006\057\006\107}{}% 12
\BOOKMARK [2][-]{subsection.4.1}{\376\377\006\042\006\107\006\106\006\257\000\040\006\052\006\314\006\062\006\107\000\040\006\062\006\057\006\106}{section.4}% 13
\BOOKMARK [2][-]{subsection.4.2}{\376\377\006\106\006\064\006\047\006\106\006\257\006\061\000\040\006\052\006\110\006\063\006\071\006\107\000\040\006\314\006\047\006\101\006\052\006\107\040\014\006\314\000\040\006\052\006\064\006\056\006\314\006\065\000\040\006\107\006\105\006\257\006\047\006\105\006\314}{section.4}% 14
\BOOKMARK [2][-]{subsection.4.3}{\376\377\006\064\006\050\006\314\006\107\040\014\006\063\006\047\006\062\006\314}{section.4}% 15
\BOOKMARK [2][-]{subsection.4.4}{\376\377\006\106\006\052\006\047\006\314\006\054\000\040}{section.4}% 16
\BOOKMARK [3][-]{subsubsection.4.4.1}{\376\377\006\057\006\061\000\040\006\054\006\063\006\052\006\054\006\110\006\314\000\040\006\052\006\072\006\314\006\314\006\061\006\101\006\047\006\062}{subsection.4.4}% 17
\BOOKMARK [3][-]{subsubsection.4.4.2}{\376\377\006\106\006\110\006\061\006\110\006\106\040\014\006\107\006\047\006\314\000\040\006\056\006\047\006\105\006\110\006\064}{subsection.4.4}% 18
\BOOKMARK [3][-]{subsubsection.4.4.3}{\376\377\006\101\006\047\006\065\006\104\006\107\000\040\006\062\006\105\006\047\006\106\006\314\000\040\006\050\006\314\006\106\000\040\006\052\006\314\006\062\006\107\040\014\006\107\006\047}{subsection.4.4}% 19
\BOOKMARK [3][-]{subsubsection.4.4.4}{\376\377\006\101\006\071\006\047\006\104\006\314\006\052\000\040\006\064\006\050\006\251\006\107}{subsection.4.4}% 20
\BOOKMARK [1][-]{section.5}{\376\377\006\105\006\067\006\047\006\104\006\071\006\107\000\040\006\052\006\055\006\104\006\314\006\104\006\314\000\040\006\052\006\055\006\110\006\104}{}% 21
